# JRE version: OpenJDK Runtime Environment (11.0.15) (build 11.0.15+0-b2043.56-8887301)
# Java VM: OpenJDK 64-Bit Server VM (11.0.15+0-b2043.56-8887301, mixed mode, tiered, compressed oops, g1 gc, bsd-amd64)
Heap:
 garbage-first heap   total 131072K, used 17553K [0x0000000780000000, 0x0000000800000000)
  region size 1024K, 4 young (4096K), 3 survivors (3072K)
 Metaspace       used 20803K, capacity 21308K, committed 21552K, reserved 1069056K
  class space    used 2517K, capacity 2687K, committed 2688K, reserved 1048576K
GC Heap History (8 events):
Event: 0.762 GC heap before
{Heap before GC invocations=0 (full 0):
 garbage-first heap   total 131072K, used 29696K [0x0000000780000000, 0x0000000800000000)
  region size 1024K, 24 young (24576K), 0 survivors (0K)
 Metaspace       used 10092K, capacity 10379K, committed 10624K, reserved 1058816K
  class space    used 1038K, capacity 1141K, committed 1152K, reserved 1048576K
}
Event: 0.770 GC heap after
{Heap after GC invocations=1 (full 0):
 garbage-first heap   total 131072K, used 9515K [0x0000000780000000, 0x0000000800000000)
  region size 1024K, 3 young (3072K), 3 survivors (3072K)
 Metaspace       used 10092K, capacity 10379K, committed 10624K, reserved 1058816K
  class space    used 1038K, capacity 1141K, committed 1152K, reserved 1048576K
}
Event: 1.199 GC heap before
{Heap before GC invocations=1 (full 0):
 garbage-first heap   total 131072K, used 53547K [0x0000000780000000, 0x0000000800000000)
  region size 1024K, 46 young (47104K), 3 survivors (3072K)
 Metaspace       used 12069K, capacity 12354K, committed 12800K, reserved 1060864K
  class space    used 1306K, capacity 1415K, committed 1536K, reserved 1048576K
}
Event: 1.207 GC heap after
{Heap after GC invocations=2 (full 0):
 garbage-first heap   total 131072K, used 14677K [0x0000000780000000, 0x0000000800000000)
  region size 1024K, 6 young (6144K), 6 survivors (6144K)
 Metaspace       used 12069K, capacity 12354K, committed 12800K, reserved 1060864K
  class space    used 1306K, capacity 1415K, committed 1536K, reserved 1048576K
}
Event: 2.136 GC heap before
{Heap before GC invocations=2 (full 0):
 garbage-first heap   total 131072K, used 63829K [0x0000000780000000, 0x0000000800000000)
  region size 1024K, 54 young (55296K), 6 survivors (6144K)
 Metaspace       used 20597K, capacity 21017K, committed 21120K, reserved 1067008K
  class space    used 2492K, capacity 2654K, committed 2688K, reserved 1048576K
}
Event: 2.143 GC heap after
{Heap after GC invocations=3 (full 0):
 garbage-first heap   total 131072K, used 17523K [0x0000000780000000, 0x0000000800000000)
  region size 1024K, 3 young (3072K), 3 survivors (3072K)
 Metaspace       used 20597K, capacity 21017K, committed 21120K, reserved 1067008K
  class space    used 2492K, capacity 2654K, committed 2688K, reserved 1048576K
}
Event: 2.161 GC heap before
{Heap before GC invocations=3 (full 0):
 garbage-first heap   total 131072K, used 18547K [0x0000000780000000, 0x0000000800000000)
  region size 1024K, 5 young (5120K), 3 survivors (3072K)
 Metaspace       used 20773K, capacity 21145K, committed 21296K, reserved 1069056K
  class space    used 2510K, capacity 2654K, committed 2688K, reserved 1048576K
}
Event: 2.165 GC heap after
{Heap after GC invocations=4 (full 0):
 garbage-first heap   total 131072K, used 17553K [0x0000000780000000, 0x0000000800000000)
  region size 1024K, 3 young (3072K), 3 survivors (3072K)
 Metaspace       used 20773K, capacity 21145K, committed 21296K, reserved 1069056K
  class space    used 2510K, capacity 2654K, committed 2688K, reserved 1048576K
}

