# JRE version: OpenJDK Runtime Environment (11.0.15) (build 11.0.15+0-b2043.56-8887301)
# Java VM: OpenJDK 64-Bit Server VM (11.0.15+0-b2043.56-8887301, mixed mode, tiered, compressed oops, g1 gc, bsd-amd64)
Heap:
 garbage-first heap   total 157696K, used 65267K [0x0000000780000000, 0x0000000800000000)
  region size 1024K, 39 young (39936K), 4 survivors (4096K)
 Metaspace       used 47744K, capacity 49035K, committed 49328K, reserved 1091584K
  class space    used 6042K, capacity 6530K, committed 6656K, reserved 1048576K
GC Heap History (14 events):
Event: 2.162 GC heap before
{Heap before GC invocations=0 (full 0):
 garbage-first heap   total 131072K, used 29696K [0x0000000780000000, 0x0000000800000000)
  region size 1024K, 24 young (24576K), 0 survivors (0K)
 Metaspace       used 10070K, capacity 10311K, committed 10624K, reserved 1058816K
  class space    used 1037K, capacity 1141K, committed 1152K, reserved 1048576K
}
Event: 2.171 GC heap after
{Heap after GC invocations=1 (full 0):
 garbage-first heap   total 131072K, used 9428K [0x0000000780000000, 0x0000000800000000)
  region size 1024K, 3 young (3072K), 3 survivors (3072K)
 Metaspace       used 10070K, capacity 10311K, committed 10624K, reserved 1058816K
  class space    used 1037K, capacity 1141K, committed 1152K, reserved 1048576K
}
Event: 5.690 GC heap before
{Heap before GC invocations=1 (full 0):
 garbage-first heap   total 131072K, used 85204K [0x0000000780000000, 0x0000000800000000)
  region size 1024K, 76 young (77824K), 3 survivors (3072K)
 Metaspace       used 18557K, capacity 18935K, committed 19328K, reserved 1067008K
  class space    used 2196K, capacity 2334K, committed 2432K, reserved 1048576K
}
Event: 5.741 GC heap after
{Heap after GC invocations=2 (full 0):
 garbage-first heap   total 131072K, used 15960K [0x0000000780000000, 0x0000000800000000)
  region size 1024K, 10 young (10240K), 10 survivors (10240K)
 Metaspace       used 18557K, capacity 18935K, committed 19328K, reserved 1067008K
  class space    used 2196K, capacity 2334K, committed 2432K, reserved 1048576K
}
Event: 6.256 GC heap before
{Heap before GC invocations=2 (full 0):
 garbage-first heap   total 131072K, used 35416K [0x0000000780000000, 0x0000000800000000)
  region size 1024K, 30 young (30720K), 10 survivors (10240K)
 Metaspace       used 20562K, capacity 20950K, committed 21296K, reserved 1069056K
  class space    used 2495K, capacity 2643K, committed 2688K, reserved 1048576K
}
Event: 6.296 GC heap after
{Heap after GC invocations=3 (full 0):
 garbage-first heap   total 131072K, used 17189K [0x0000000780000000, 0x0000000800000000)
  region size 1024K, 2 young (2048K), 2 survivors (2048K)
 Metaspace       used 20562K, capacity 20950K, committed 21296K, reserved 1069056K
  class space    used 2495K, capacity 2643K, committed 2688K, reserved 1048576K
}
Event: 8.285 GC heap before
{Heap before GC invocations=4 (full 0):
 garbage-first heap   total 131072K, used 78629K [0x0000000780000000, 0x0000000800000000)
  region size 1024K, 62 young (63488K), 2 survivors (2048K)
 Metaspace       used 26806K, capacity 27457K, committed 27696K, reserved 1073152K
  class space    used 3455K, capacity 3694K, committed 3712K, reserved 1048576K
}
Event: 8.293 GC heap after
{Heap after GC invocations=5 (full 0):
 garbage-first heap   total 131072K, used 19028K [0x0000000780000000, 0x0000000800000000)
  region size 1024K, 3 young (3072K), 3 survivors (3072K)
 Metaspace       used 26806K, capacity 27457K, committed 27696K, reserved 1073152K
  class space    used 3455K, capacity 3694K, committed 3712K, reserved 1048576K
}
Event: 10.070 GC heap before
{Heap before GC invocations=5 (full 0):
 garbage-first heap   total 131072K, used 74324K [0x0000000780000000, 0x0000000800000000)
  region size 1024K, 58 young (59392K), 3 survivors (3072K)
 Metaspace       used 34895K, capacity 35723K, committed 35920K, reserved 1081344K
  class space    used 4491K, capacity 4791K, committed 4864K, reserved 1048576K
}
Event: 10.089 GC heap after
{Heap after GC invocations=6 (full 0):
 garbage-first heap   total 131072K, used 22059K [0x0000000780000000, 0x0000000800000000)
  region size 1024K, 6 young (6144K), 6 survivors (6144K)
 Metaspace       used 34895K, capacity 35723K, committed 35920K, reserved 1081344K
  class space    used 4491K, capacity 4791K, committed 4864K, reserved 1048576K
}
Event: 11.746 GC heap before
{Heap before GC invocations=7 (full 0):
 garbage-first heap   total 131072K, used 89643K [0x0000000780000000, 0x0000000800000000)
  region size 1024K, 70 young (71680K), 6 survivors (6144K)
 Metaspace       used 40176K, capacity 41175K, committed 41392K, reserved 1085440K
  class space    used 5051K, capacity 5368K, committed 5376K, reserved 1048576K
}
Event: 11.768 GC heap after
{Heap after GC invocations=8 (full 0):
 garbage-first heap   total 131072K, used 27779K [0x0000000780000000, 0x0000000800000000)
  region size 1024K, 9 young (9216K), 9 survivors (9216K)
 Metaspace       used 40176K, capacity 41175K, committed 41392K, reserved 1085440K
  class space    used 5051K, capacity 5368K, committed 5376K, reserved 1048576K
}
Event: 12.822 GC heap before
{Heap before GC invocations=9 (full 0):
 garbage-first heap   total 131072K, used 92291K [0x0000000780000000, 0x0000000800000000)
  region size 1024K, 72 young (73728K), 9 survivors (9216K)
 Metaspace       used 45301K, capacity 46474K, committed 46640K, reserved 1089536K
  class space    used 5734K, capacity 6166K, committed 6272K, reserved 1048576K
}
Event: 12.834 GC heap after
{Heap after GC invocations=10 (full 0):
 garbage-first heap   total 157696K, used 30451K [0x0000000780000000, 0x0000000800000000)
  region size 1024K, 4 young (4096K), 4 survivors (4096K)
 Metaspace       used 45301K, capacity 46474K, committed 46640K, reserved 1089536K
  class space    used 5734K, capacity 6166K, committed 6272K, reserved 1048576K
}

