# JRE version: OpenJDK Runtime Environment (11.0.15) (build 11.0.15+0-b2043.56-8887301)
# Java VM: OpenJDK 64-Bit Server VM (11.0.15+0-b2043.56-8887301, mixed mode, tiered, compressed oops, g1 gc, bsd-amd64)
Heap:
 garbage-first heap   total 291840K, used 231209K [0x0000000780000000, 0x0000000800000000)
  region size 1024K, 84 young (86016K), 10 survivors (10240K)
 Metaspace       used 102483K, capacity 104868K, committed 105680K, reserved 1140736K
  class space    used 12792K, capacity 13676K, committed 13856K, reserved 1048576K
GC Heap History (20 events):
Event: 17.019 GC heap after
{Heap after GC invocations=36 (full 0):
 garbage-first heap   total 291840K, used 159427K [0x0000000780000000, 0x0000000800000000)
  region size 1024K, 2 young (2048K), 2 survivors (2048K)
 Metaspace       used 95896K, capacity 98228K, committed 99152K, reserved 1134592K
  class space    used 12044K, capacity 12922K, committed 13216K, reserved 1048576K
}
Event: 17.133 GC heap before
{Heap before GC invocations=36 (full 0):
 garbage-first heap   total 291840K, used 184003K [0x0000000780000000, 0x0000000800000000)
  region size 1024K, 28 young (28672K), 2 survivors (2048K)
 Metaspace       used 96517K, capacity 98824K, committed 99664K, reserved 1136640K
  class space    used 12118K, capacity 12988K, committed 13216K, reserved 1048576K
}
Event: 17.142 GC heap after
{Heap after GC invocations=37 (full 0):
 garbage-first heap   total 291840K, used 161708K [0x0000000780000000, 0x0000000800000000)
  region size 1024K, 4 young (4096K), 4 survivors (4096K)
 Metaspace       used 96517K, capacity 98824K, committed 99664K, reserved 1136640K
  class space    used 12118K, capacity 12988K, committed 13216K, reserved 1048576K
}
Event: 17.385 GC heap before
{Heap before GC invocations=37 (full 0):
 garbage-first heap   total 291840K, used 211884K [0x0000000780000000, 0x0000000800000000)
  region size 1024K, 51 young (52224K), 4 survivors (4096K)
 Metaspace       used 96726K, capacity 99033K, committed 99920K, reserved 1136640K
  class space    used 12130K, capacity 12991K, committed 13216K, reserved 1048576K
}
Event: 17.397 GC heap after
{Heap after GC invocations=38 (full 0):
 garbage-first heap   total 291840K, used 164234K [0x0000000780000000, 0x0000000800000000)
  region size 1024K, 7 young (7168K), 7 survivors (7168K)
 Metaspace       used 96726K, capacity 99033K, committed 99920K, reserved 1136640K
  class space    used 12130K, capacity 12991K, committed 13216K, reserved 1048576K
}
Event: 17.903 GC heap before
{Heap before GC invocations=39 (full 0):
 garbage-first heap   total 291840K, used 213386K [0x0000000780000000, 0x0000000800000000)
  region size 1024K, 56 young (57344K), 7 survivors (7168K)
 Metaspace       used 97713K, capacity 100068K, committed 101072K, reserved 1136640K
  class space    used 12219K, capacity 13099K, committed 13344K, reserved 1048576K
}
Event: 17.910 GC heap after
{Heap after GC invocations=40 (full 0):
 garbage-first heap   total 291840K, used 165787K [0x0000000780000000, 0x0000000800000000)
  region size 1024K, 3 young (3072K), 3 survivors (3072K)
 Metaspace       used 97713K, capacity 100068K, committed 101072K, reserved 1136640K
  class space    used 12219K, capacity 13099K, committed 13344K, reserved 1048576K
}
Event: 17.966 GC heap before
{Heap before GC invocations=40 (full 0):
 garbage-first heap   total 291840K, used 177051K [0x0000000780000000, 0x0000000800000000)
  region size 1024K, 14 young (14336K), 3 survivors (3072K)
 Metaspace       used 97746K, capacity 100132K, committed 101072K, reserved 1136640K
  class space    used 12219K, capacity 13099K, committed 13344K, reserved 1048576K
}
Event: 17.976 GC heap after
{Heap after GC invocations=41 (full 0):
 garbage-first heap   total 291840K, used 142809K [0x0000000780000000, 0x0000000800000000)
  region size 1024K, 1 young (1024K), 1 survivors (1024K)
 Metaspace       used 97746K, capacity 100132K, committed 101072K, reserved 1136640K
  class space    used 12219K, capacity 13099K, committed 13344K, reserved 1048576K
}
Event: 18.555 GC heap before
{Heap before GC invocations=41 (full 0):
 garbage-first heap   total 291840K, used 205273K [0x0000000780000000, 0x0000000800000000)
  region size 1024K, 63 young (64512K), 1 survivors (1024K)
 Metaspace       used 99143K, capacity 101514K, committed 102480K, reserved 1138688K
  class space    used 12402K, capacity 13303K, committed 13472K, reserved 1048576K
}
Event: 18.562 GC heap after
{Heap after GC invocations=42 (full 0):
 garbage-first heap   total 291840K, used 147271K [0x0000000780000000, 0x0000000800000000)
  region size 1024K, 5 young (5120K), 5 survivors (5120K)
 Metaspace       used 99143K, capacity 101514K, committed 102480K, reserved 1138688K
  class space    used 12402K, capacity 13303K, committed 13472K, reserved 1048576K
}
Event: 19.773 GC heap before
{Heap before GC invocations=43 (full 0):
 garbage-first heap   total 291840K, used 203591K [0x0000000780000000, 0x0000000800000000)
  region size 1024K, 69 young (70656K), 5 survivors (5120K)
 Metaspace       used 101965K, capacity 104339K, committed 105424K, reserved 1140736K
  class space    used 12743K, capacity 13625K, committed 13856K, reserved 1048576K
}
Event: 19.782 GC heap after
{Heap after GC invocations=44 (full 0):
 garbage-first heap   total 291840K, used 143929K [0x0000000780000000, 0x0000000800000000)
  region size 1024K, 5 young (5120K), 5 survivors (5120K)
 Metaspace       used 101965K, capacity 104339K, committed 105424K, reserved 1140736K
  class space    used 12743K, capacity 13625K, committed 13856K, reserved 1048576K
}
Event: 19.801 GC heap before
{Heap before GC invocations=44 (full 0):
 garbage-first heap   total 291840K, used 152120K [0x0000000780000000, 0x0000000800000000)
  region size 1024K, 14 young (14336K), 5 survivors (5120K)
 Metaspace       used 101965K, capacity 104339K, committed 105424K, reserved 1140736K
  class space    used 12743K, capacity 13625K, committed 13856K, reserved 1048576K
}
Event: 19.808 GC heap after
{Heap after GC invocations=45 (full 0):
 garbage-first heap   total 291840K, used 134738K [0x0000000780000000, 0x0000000800000000)
  region size 1024K, 1 young (1024K), 1 survivors (1024K)
 Metaspace       used 101965K, capacity 104339K, committed 105424K, reserved 1140736K
  class space    used 12743K, capacity 13625K, committed 13856K, reserved 1048576K
}
Event: 20.074 GC heap before
{Heap before GC invocations=45 (full 0):
 garbage-first heap   total 291840K, used 207441K [0x0000000780000000, 0x0000000800000000)
  region size 1024K, 73 young (74752K), 1 survivors (1024K)
 Metaspace       used 102026K, capacity 104414K, committed 105424K, reserved 1140736K
  class space    used 12745K, capacity 13625K, committed 13856K, reserved 1048576K
}
Event: 20.081 GC heap after
{Heap after GC invocations=46 (full 0):
 garbage-first heap   total 291840K, used 139741K [0x0000000780000000, 0x0000000800000000)
  region size 1024K, 6 young (6144K), 6 survivors (6144K)
 Metaspace       used 102026K, capacity 104414K, committed 105424K, reserved 1140736K
  class space    used 12745K, capacity 13625K, committed 13856K, reserved 1048576K
}
Event: 20.324 GC heap before
{Heap before GC invocations=46 (full 0):
 garbage-first heap   total 291840K, used 214493K [0x0000000780000000, 0x0000000800000000)
  region size 1024K, 80 young (81920K), 6 survivors (6144K)
 Metaspace       used 102071K, capacity 104407K, committed 105424K, reserved 1140736K
  class space    used 12743K, capacity 13621K, committed 13856K, reserved 1048576K
}
Event: 20.333 GC heap after
{Heap after GC invocations=47 (full 0):
 garbage-first heap   total 291840K, used 143145K [0x0000000780000000, 0x0000000800000000)
  region size 1024K, 6 young (6144K), 6 survivors (6144K)
 Metaspace       used 102071K, capacity 104407K, committed 105424K, reserved 1140736K
  class space    used 12743K, capacity 13621K, committed 13856K, reserved 1048576K
}
Event: 20.622 GC heap before
{Heap before GC invocations=48 (full 0):
 garbage-first heap   total 291840K, used 230185K [0x0000000780000000, 0x0000000800000000)
  region size 1024K, 80 young (81920K), 6 survivors (6144K)
 Metaspace       used 102483K, capacity 104868K, committed 105680K, reserved 1140736K
  class space    used 12792K, capacity 13676K, committed 13856K, reserved 1048576K
}

