# JRE version: OpenJDK Runtime Environment (11.0.15) (build 11.0.15+0-b2043.56-8887301)
# Java VM: OpenJDK 64-Bit Server VM (11.0.15+0-b2043.56-8887301, mixed mode, tiered, compressed oops, g1 gc, bsd-amd64)
Heap:
 garbage-first heap   total 427008K, used 397397K [0x0000000780000000, 0x0000000800000000)
  region size 1024K, 101 young (103424K), 2 survivors (2048K)
 Metaspace       used 111256K, capacity 113919K, committed 114288K, reserved 1148928K
  class space    used 13734K, capacity 14692K, committed 14784K, reserved 1048576K
GC Heap History (20 events):
Event: 43.452 GC heap before
{Heap before GC invocations=54 (full 0):
 garbage-first heap   total 427008K, used 220994K [0x0000000780000000, 0x0000000800000000)
  region size 1024K, 32 young (32768K), 2 survivors (2048K)
 Metaspace       used 97510K, capacity 99970K, committed 100208K, reserved 1136640K
  class space    used 12235K, capacity 13149K, committed 13248K, reserved 1048576K
}
Event: 43.463 GC heap after
{Heap after GC invocations=55 (full 0):
 garbage-first heap   total 427008K, used 195759K [0x0000000780000000, 0x0000000800000000)
  region size 1024K, 5 young (5120K), 5 survivors (5120K)
 Metaspace       used 97510K, capacity 99970K, committed 100208K, reserved 1136640K
  class space    used 12235K, capacity 13149K, committed 13248K, reserved 1048576K
}
Event: 43.900 GC heap before
{Heap before GC invocations=55 (full 0):
 garbage-first heap   total 427008K, used 242863K [0x0000000780000000, 0x0000000800000000)
  region size 1024K, 91 young (93184K), 5 survivors (5120K)
 Metaspace       used 97668K, capacity 100099K, committed 100464K, reserved 1136640K
  class space    used 12245K, capacity 13149K, committed 13248K, reserved 1048576K
}
Event: 43.920 GC heap after
{Heap after GC invocations=56 (full 0):
 garbage-first heap   total 427008K, used 156489K [0x0000000780000000, 0x0000000800000000)
  region size 1024K, 10 young (10240K), 10 survivors (10240K)
 Metaspace       used 97668K, capacity 100099K, committed 100464K, reserved 1136640K
  class space    used 12245K, capacity 13149K, committed 13248K, reserved 1048576K
}
Event: 44.582 GC heap before
{Heap before GC invocations=57 (full 0):
 garbage-first heap   total 427008K, used 297801K [0x0000000780000000, 0x0000000800000000)
  region size 1024K, 149 young (152576K), 10 survivors (10240K)
 Metaspace       used 97826K, capacity 100219K, committed 100464K, reserved 1136640K
  class space    used 12260K, capacity 13188K, committed 13248K, reserved 1048576K
}
Event: 44.596 GC heap after
{Heap after GC invocations=58 (full 0):
 garbage-first heap   total 427008K, used 163066K [0x0000000780000000, 0x0000000800000000)
  region size 1024K, 16 young (16384K), 16 survivors (16384K)
 Metaspace       used 97826K, capacity 100219K, committed 100464K, reserved 1136640K
  class space    used 12260K, capacity 13188K, committed 13248K, reserved 1048576K
}
Event: 44.603 GC heap before
{Heap before GC invocations=58 (full 0):
 garbage-first heap   total 427008K, used 166138K [0x0000000780000000, 0x0000000800000000)
  region size 1024K, 20 young (20480K), 16 survivors (16384K)
 Metaspace       used 97826K, capacity 100219K, committed 100464K, reserved 1136640K
  class space    used 12260K, capacity 13188K, committed 13248K, reserved 1048576K
}
Event: 44.623 GC heap after
{Heap after GC invocations=59 (full 0):
 garbage-first heap   total 427008K, used 157778K [0x0000000780000000, 0x0000000800000000)
  region size 1024K, 3 young (3072K), 3 survivors (3072K)
 Metaspace       used 97826K, capacity 100219K, committed 100464K, reserved 1136640K
  class space    used 12260K, capacity 13188K, committed 13248K, reserved 1048576K
}
Event: 45.308 GC heap before
{Heap before GC invocations=59 (full 0):
 garbage-first heap   total 427008K, used 307282K [0x0000000780000000, 0x0000000800000000)
  region size 1024K, 149 young (152576K), 3 survivors (3072K)
 Metaspace       used 98941K, capacity 101434K, committed 101616K, reserved 1138688K
  class space    used 12405K, capacity 13300K, committed 13376K, reserved 1048576K
}
Event: 45.319 GC heap after
{Heap after GC invocations=60 (full 0):
 garbage-first heap   total 427008K, used 164028K [0x0000000780000000, 0x0000000800000000)
  region size 1024K, 10 young (10240K), 10 survivors (10240K)
 Metaspace       used 98941K, capacity 101434K, committed 101616K, reserved 1138688K
  class space    used 12405K, capacity 13300K, committed 13376K, reserved 1048576K
}
Event: 51.741 GC heap before
{Heap before GC invocations=60 (full 0):
 garbage-first heap   total 427008K, used 320700K [0x0000000780000000, 0x0000000800000000)
  region size 1024K, 163 young (166912K), 10 survivors (10240K)
 Metaspace       used 102389K, capacity 104903K, committed 105072K, reserved 1140736K
  class space    used 12815K, capacity 13731K, committed 13760K, reserved 1048576K
}
Event: 51.767 GC heap after
{Heap after GC invocations=61 (full 0):
 garbage-first heap   total 427008K, used 189292K [0x0000000780000000, 0x0000000800000000)
  region size 1024K, 21 young (21504K), 21 survivors (21504K)
 Metaspace       used 102389K, capacity 104903K, committed 105072K, reserved 1140736K
  class space    used 12815K, capacity 13731K, committed 13760K, reserved 1048576K
}
Event: 52.496 GC heap before
{Heap before GC invocations=61 (full 0):
 garbage-first heap   total 427008K, used 322412K [0x0000000780000000, 0x0000000800000000)
  region size 1024K, 151 young (154624K), 21 survivors (21504K)
 Metaspace       used 102653K, capacity 105159K, committed 105328K, reserved 1140736K
  class space    used 12829K, capacity 13731K, committed 13760K, reserved 1048576K
}
Event: 52.527 GC heap after
{Heap after GC invocations=62 (full 0):
 garbage-first heap   total 427008K, used 204132K [0x0000000780000000, 0x0000000800000000)
  region size 1024K, 14 young (14336K), 14 survivors (14336K)
 Metaspace       used 102653K, capacity 105159K, committed 105328K, reserved 1140736K
  class space    used 12829K, capacity 13731K, committed 13760K, reserved 1048576K
}
Event: 52.829 GC heap before
{Heap before GC invocations=62 (full 0):
 garbage-first heap   total 427008K, used 237924K [0x0000000780000000, 0x0000000800000000)
  region size 1024K, 47 young (48128K), 14 survivors (14336K)
 Metaspace       used 102692K, capacity 105191K, committed 105456K, reserved 1140736K
  class space    used 12832K, capacity 13763K, committed 13888K, reserved 1048576K
}
Event: 52.840 GC heap after
{Heap after GC invocations=63 (full 0):
 garbage-first heap   total 427008K, used 207426K [0x0000000780000000, 0x0000000800000000)
  region size 1024K, 3 young (3072K), 3 survivors (3072K)
 Metaspace       used 102692K, capacity 105191K, committed 105456K, reserved 1140736K
  class space    used 12832K, capacity 13763K, committed 13888K, reserved 1048576K
}
Event: 54.459 GC heap before
{Heap before GC invocations=64 (full 0):
 garbage-first heap   total 427008K, used 329392K [0x0000000780000000, 0x0000000800000000)
  region size 1024K, 125 young (128000K), 3 survivors (3072K)
 Metaspace       used 105349K, capacity 107805K, committed 108272K, reserved 1142784K
  class space    used 13145K, capacity 14032K, committed 14144K, reserved 1048576K
}
Event: 54.473 GC heap after
{Heap after GC invocations=65 (full 0):
 garbage-first heap   total 427008K, used 211637K [0x0000000780000000, 0x0000000800000000)
  region size 1024K, 11 young (11264K), 11 survivors (11264K)
 Metaspace       used 105349K, capacity 107805K, committed 108272K, reserved 1142784K
  class space    used 13145K, capacity 14032K, committed 14144K, reserved 1048576K
}
Event: 54.503 GC heap before
{Heap before GC invocations=65 (full 0):
 garbage-first heap   total 427008K, used 219829K [0x0000000780000000, 0x0000000800000000)
  region size 1024K, 20 young (20480K), 11 survivors (11264K)
 Metaspace       used 105349K, capacity 107805K, committed 108272K, reserved 1142784K
  class space    used 13145K, capacity 14032K, committed 14144K, reserved 1048576K
}
Event: 54.514 GC heap after
{Heap after GC invocations=66 (full 0):
 garbage-first heap   total 427008K, used 195669K [0x0000000780000000, 0x0000000800000000)
  region size 1024K, 2 young (2048K), 2 survivors (2048K)
 Metaspace       used 105349K, capacity 107805K, committed 108272K, reserved 1142784K
  class space    used 13145K, capacity 14032K, committed 14144K, reserved 1048576K
}

