# JRE version: OpenJDK Runtime Environment (11.0.15) (build 11.0.15+0-b2043.56-8887301)
# Java VM: OpenJDK 64-Bit Server VM (11.0.15+0-b2043.56-8887301, mixed mode, tiered, compressed oops, g1 gc, bsd-amd64)
Heap:
 garbage-first heap   total 131072K, used 95571K [0x0000000780000000, 0x0000000800000000)
  region size 1024K, 66 young (67584K), 9 survivors (9216K)
 Metaspace       used 49509K, capacity 50002K, committed 50816K, reserved 1093632K
  class space    used 5700K, capacity 5923K, committed 6016K, reserved 1048576K
GC Heap History (11 events):
Event: 1.865 GC heap before
{Heap before GC invocations=0 (full 0):
 garbage-first heap   total 131072K, used 27648K [0x0000000780000000, 0x0000000800000000)
  region size 1024K, 24 young (24576K), 0 survivors (0K)
 Metaspace       used 12250K, capacity 12341K, committed 12672K, reserved 1060864K
  class space    used 1102K, capacity 1110K, committed 1152K, reserved 1048576K
}
Event: 1.873 GC heap after
{Heap after GC invocations=1 (full 0):
 garbage-first heap   total 131072K, used 6426K [0x0000000780000000, 0x0000000800000000)
  region size 1024K, 3 young (3072K), 3 survivors (3072K)
 Metaspace       used 12250K, capacity 12341K, committed 12672K, reserved 1060864K
  class space    used 1102K, capacity 1110K, committed 1152K, reserved 1048576K
}
Event: 2.905 GC heap before
{Heap before GC invocations=1 (full 0):
 garbage-first heap   total 131072K, used 46362K [0x0000000780000000, 0x0000000800000000)
  region size 1024K, 43 young (44032K), 3 survivors (3072K)
 Metaspace       used 20812K, capacity 20963K, committed 21248K, reserved 1069056K
  class space    used 2189K, capacity 2267K, committed 2304K, reserved 1048576K
}
Event: 2.919 GC heap after
{Heap after GC invocations=2 (full 0):
 garbage-first heap   total 131072K, used 10267K [0x0000000780000000, 0x0000000800000000)
  region size 1024K, 7 young (7168K), 7 survivors (7168K)
 Metaspace       used 20812K, capacity 20963K, committed 21248K, reserved 1069056K
  class space    used 2189K, capacity 2267K, committed 2304K, reserved 1048576K
}
Event: 4.155 GC heap before
{Heap before GC invocations=3 (full 0):
 garbage-first heap   total 131072K, used 62491K [0x0000000780000000, 0x0000000800000000)
  region size 1024K, 55 young (56320K), 7 survivors (7168K)
 Metaspace       used 31362K, capacity 31795K, committed 32256K, reserved 1077248K
  class space    used 3648K, capacity 3826K, committed 3840K, reserved 1048576K
}
Event: 4.170 GC heap after
{Heap after GC invocations=4 (full 0):
 garbage-first heap   total 131072K, used 19414K [0x0000000780000000, 0x0000000800000000)
  region size 1024K, 7 young (7168K), 7 survivors (7168K)
 Metaspace       used 31362K, capacity 31795K, committed 32256K, reserved 1077248K
  class space    used 3648K, capacity 3826K, committed 3840K, reserved 1048576K
}
Event: 4.678 GC heap before
{Heap before GC invocations=4 (full 0):
 garbage-first heap   total 131072K, used 54230K [0x0000000780000000, 0x0000000800000000)
  region size 1024K, 40 young (40960K), 7 survivors (7168K)
 Metaspace       used 34862K, capacity 35259K, committed 35840K, reserved 1081344K
  class space    used 4229K, capacity 4404K, committed 4480K, reserved 1048576K
}
Event: 4.695 GC heap after
{Heap after GC invocations=5 (full 0):
 garbage-first heap   total 131072K, used 28563K [0x0000000780000000, 0x0000000800000000)
  region size 1024K, 8 young (8192K), 8 survivors (8192K)
 Metaspace       used 34862K, capacity 35259K, committed 35840K, reserved 1081344K
  class space    used 4229K, capacity 4404K, committed 4480K, reserved 1048576K
}
Event: 5.803 GC heap before
{Heap before GC invocations=6 (full 0):
 garbage-first heap   total 131072K, used 86931K [0x0000000780000000, 0x0000000800000000)
  region size 1024K, 65 young (66560K), 8 survivors (8192K)
 Metaspace       used 44970K, capacity 45475K, committed 46464K, reserved 1089536K
  class space    used 5201K, capacity 5391K, committed 5504K, reserved 1048576K
}
Event: 5.819 GC heap after
{Heap after GC invocations=7 (full 0):
 garbage-first heap   total 131072K, used 34131K [0x0000000780000000, 0x0000000800000000)
  region size 1024K, 8 young (8192K), 8 survivors (8192K)
 Metaspace       used 44970K, capacity 45475K, committed 46464K, reserved 1089536K
  class space    used 5201K, capacity 5391K, committed 5504K, reserved 1048576K
}
Event: 7.052 GC heap before
{Heap before GC invocations=7 (full 0):
 garbage-first heap   total 131072K, used 95571K [0x0000000780000000, 0x0000000800000000)
  region size 1024K, 65 young (66560K), 8 survivors (8192K)
 Metaspace       used 49509K, capacity 50002K, committed 50816K, reserved 1093632K
  class space    used 5700K, capacity 5923K, committed 6016K, reserved 1048576K
}

